{"/Users/kylewilliamson/Desktop/epicodus/sudoku/src/sudoku.js": {"path":"/Users/kylewilliamson/Desktop/epicodus/sudoku/src/sudoku.js","statementMap":{"0":{"start":{"line":2,"column":2},"end":{"line":2,"column":19}},"1":{"start":{"line":3,"column":2},"end":{"line":3,"column":19}},"2":{"start":{"line":4,"column":2},"end":{"line":4,"column":19}},"3":{"start":{"line":5,"column":2},"end":{"line":5,"column":19}},"4":{"start":{"line":6,"column":2},"end":{"line":6,"column":19}},"5":{"start":{"line":7,"column":2},"end":{"line":7,"column":19}},"6":{"start":{"line":8,"column":2},"end":{"line":8,"column":19}},"7":{"start":{"line":9,"column":2},"end":{"line":9,"column":19}},"8":{"start":{"line":10,"column":2},"end":{"line":10,"column":19}},"9":{"start":{"line":13,"column":0},"end":{"line":15,"column":1}},"10":{"start":{"line":14,"column":2},"end":{"line":14,"column":102}},"11":{"start":{"line":17,"column":0},"end":{"line":20,"column":2}},"12":{"start":{"line":18,"column":21},"end":{"line":18,"column":37}},"13":{"start":{"line":19,"column":2},"end":{"line":19,"column":27}},"14":{"start":{"line":22,"column":0},"end":{"line":31,"column":2}},"15":{"start":{"line":23,"column":21},"end":{"line":23,"column":37}},"16":{"start":{"line":24,"column":2},"end":{"line":30,"column":3}},"17":{"start":{"line":24,"column":15},"end":{"line":24,"column":16}},"18":{"start":{"line":25,"column":4},"end":{"line":29,"column":5}},"19":{"start":{"line":26,"column":6},"end":{"line":26,"column":19}},"20":{"start":{"line":28,"column":6},"end":{"line":28,"column":18}}},"fnMap":{"0":{"name":"Sudoku","decl":{"start":{"line":1,"column":16},"end":{"line":1,"column":22}},"loc":{"start":{"line":1,"column":77},"end":{"line":11,"column":1}},"line":1},"1":{"name":"(anonymous_1)","decl":{"start":{"line":13,"column":29},"end":{"line":13,"column":30}},"loc":{"start":{"line":13,"column":41},"end":{"line":15,"column":1}},"line":13},"2":{"name":"(anonymous_2)","decl":{"start":{"line":17,"column":28},"end":{"line":17,"column":29}},"loc":{"start":{"line":17,"column":40},"end":{"line":20,"column":1}},"line":17},"3":{"name":"(anonymous_3)","decl":{"start":{"line":22,"column":31},"end":{"line":22,"column":32}},"loc":{"start":{"line":22,"column":43},"end":{"line":31,"column":1}},"line":22}},"branchMap":{"0":{"loc":{"start":{"line":25,"column":4},"end":{"line":29,"column":5}},"type":"if","locations":[{"start":{"line":25,"column":4},"end":{"line":29,"column":5}},{"start":{"line":25,"column":4},"end":{"line":29,"column":5}}],"line":25}},"s":{"0":2,"1":2,"2":2,"3":2,"4":2,"5":2,"6":2,"7":2,"8":2,"9":1,"10":2,"11":1,"12":1,"13":1,"14":1,"15":1,"16":1,"17":1,"18":1,"19":0,"20":1},"f":{"0":2,"1":2,"2":1,"3":1},"b":{"0":[0,1]},"_coverageSchema":"43e27e138ebf9cfc5966b082cf9a028302ed4184","hash":"88ad9cd699e95b37b8040a49384f40077ebc834b"}
}
